<?xml version="1.0" encoding="UTF-8"?>
<!-- Generated by org.testng.reporters.JUnitReportReporter -->
<testsuite hostname="LAPTOP-MIU1FL4L" failures="0" tests="1" name="Scenario_1" time="3.585" errors="0" timestamp="2024-05-27T13:45:20 IST" skipped="0">
  <testcase classname="Scenario_1" name="logininTotheapplicaton" time="3.585"/>
  <system-out>
    <![CDATA[successfully launched chrome browser
Browser window is maximized successfully
browser close successfully]]>
  </system-out>
</testsuite> <!-- Scenario_1 -->
