<?xml version="1.0" encoding="UTF-8"?>
<!-- Generated by org.testng.reporters.JUnitReportReporter -->
<testsuite hostname="LAPTOP-MIU1FL4L" failures="0" tests="1" name="Scenarios.Scenario_1" time="3.307" errors="0" timestamp="2024-05-27T13:48:13 IST" skipped="0">
  <testcase classname="Scenarios.Scenario_1" name="logininTotheapplicaton" time="3.307"/>
  <system-out>
    <![CDATA[successfully launched chrome browser
Browser window is maximized successfully
browser close successfully]]>
  </system-out>
</testsuite> <!-- Scenarios.Scenario_1 -->
